<?xml version="1.0" encoding="UTF-8"?>
<!-- Generated by org.testng.reporters.JUnitReportReporter -->
<testsuite skipped="0" hostname="JEEVA-PC" name="com.SugerCrm.UsersBasePageTest" tests="6" failures="0" timestamp="06 Sep 2018 07:00:10 GMT" time="8.636" errors="0">
  <testcase name="SugerCrmCubeIconVisibe" time="0.035" classname="com.SugerCrm.UsersBasePageTest"/>
  <testcase name="verifySugerCubeIcon" time="0.602" classname="com.SugerCrm.UsersBasePageTest"/>
  <testcase name="ClickSugerCubeIcon" time="0.240" classname="com.SugerCrm.UsersBasePageTest"/>
  <testcase name="ClickSugerCubeIconDDBtn" time="0.129" classname="com.SugerCrm.UsersBasePageTest"/>
  <testcase name="DashLetOverFlowBtnVisible" time="0.037" classname="com.SugerCrm.UsersBasePageTest"/>
  <testcase name="notificationsBadgeCountReduced" time="7.593" classname="com.SugerCrm.UsersBasePageTest"/>
</testsuite> <!-- com.SugerCrm.UsersBasePageTest -->
