<?xml version="1.0" encoding="UTF-8"?>
<!-- Generated by org.testng.reporters.JUnitReportReporter -->
<testsuite skipped="0" hostname="JEEVA-PC" name="com.SugerCrm.UsersBasePageTest" tests="6" failures="0" timestamp="05 Sep 2018 06:27:47 GMT" time="9.121" errors="0">
  <testcase name="SugerCrmCubeIconVisibe" time="0.039" classname="com.SugerCrm.UsersBasePageTest"/>
  <testcase name="verifySugerCubeIcon" time="1.320" classname="com.SugerCrm.UsersBasePageTest"/>
  <testcase name="ClickSugerCubeIcon" time="0.182" classname="com.SugerCrm.UsersBasePageTest"/>
  <testcase name="ClickSugerCubeIconDDBtn" time="0.136" classname="com.SugerCrm.UsersBasePageTest"/>
  <testcase name="DashLetOverFlowBtnVisible" time="0.035" classname="com.SugerCrm.UsersBasePageTest"/>
  <testcase name="notificationsBadgeCountReduced" time="7.409" classname="com.SugerCrm.UsersBasePageTest"/>
</testsuite> <!-- com.SugerCrm.UsersBasePageTest -->
