<?xml version="1.0" encoding="UTF-8"?>
<!-- Generated by org.testng.reporters.JUnitReportReporter -->
<testsuite skipped="0" hostname="JEEVA-PC" name="com.SugerCrm.DemoLoginPageTest" tests="10" failures="0" timestamp="06 Sep 2018 07:00:10 GMT" time="38.832" errors="0">
  <testcase name="verifyDemoText" time="0.098" classname="com.SugerCrm.DemoLoginPageTest"/>
  <testcase name="verifyPreferenceText" time="0.036" classname="com.SugerCrm.DemoLoginPageTest"/>
  <testcase name="LanguageDDVisible" time="2.224" classname="com.SugerCrm.DemoLoginPageTest"/>
  <testcase name="DateDDVisible" time="0.102" classname="com.SugerCrm.DemoLoginPageTest"/>
  <testcase name="verifyContactUsText" time="0.039" classname="com.SugerCrm.DemoLoginPageTest"/>
  <testcase name="checkResourceCenterText" time="0.036" classname="com.SugerCrm.DemoLoginPageTest"/>
  <testcase name="LoginAsVP" time="5.087" classname="com.SugerCrm.DemoLoginPageTest"/>
  <testcase name="LoginAsSR" time="13.447" classname="com.SugerCrm.DemoLoginPageTest"/>
  <testcase name="LoginAsCS" time="10.294" classname="com.SugerCrm.DemoLoginPageTest"/>
  <testcase name="verifyResourceLink" time="7.469" classname="com.SugerCrm.DemoLoginPageTest"/>
</testsuite> <!-- com.SugerCrm.DemoLoginPageTest -->
