<?xml version="1.0" encoding="UTF-8"?>
<!-- Generated by org.testng.reporters.JUnitReportReporter -->
<testsuite skipped="10" hostname="JEEVA-PC" name="com.SugerCrm.DemoLoginPageTest" tests="10" failures="0" timestamp="05 Sep 2018 06:14:38 GMT" time="0.000" errors="0">
  <testcase name="verifyDemoText" time="0.000" classname="com.SugerCrm.DemoLoginPageTest">
    <skipped/>
  </testcase> <!-- verifyDemoText -->
  <testcase name="verifyPreferenceText" time="0.000" classname="com.SugerCrm.DemoLoginPageTest">
    <skipped/>
  </testcase> <!-- verifyPreferenceText -->
  <testcase name="LanguageDDVisible" time="0.000" classname="com.SugerCrm.DemoLoginPageTest">
    <skipped/>
  </testcase> <!-- LanguageDDVisible -->
  <testcase name="DateDDVisible" time="0.000" classname="com.SugerCrm.DemoLoginPageTest">
    <skipped/>
  </testcase> <!-- DateDDVisible -->
  <testcase name="verifyContactUsText" time="0.000" classname="com.SugerCrm.DemoLoginPageTest">
    <skipped/>
  </testcase> <!-- verifyContactUsText -->
  <testcase name="checkResourceCenterText" time="0.000" classname="com.SugerCrm.DemoLoginPageTest">
    <skipped/>
  </testcase> <!-- checkResourceCenterText -->
  <testcase name="LoginAsVP" time="0.000" classname="com.SugerCrm.DemoLoginPageTest">
    <skipped/>
  </testcase> <!-- LoginAsVP -->
  <testcase name="LoginAsSR" time="0.000" classname="com.SugerCrm.DemoLoginPageTest">
    <skipped/>
  </testcase> <!-- LoginAsSR -->
  <testcase name="LoginAsCS" time="0.000" classname="com.SugerCrm.DemoLoginPageTest">
    <skipped/>
  </testcase> <!-- LoginAsCS -->
  <testcase name="verifyResourceLink" time="0.000" classname="com.SugerCrm.DemoLoginPageTest">
    <skipped/>
  </testcase> <!-- verifyResourceLink -->
</testsuite> <!-- com.SugerCrm.DemoLoginPageTest -->
